{"level":"debug","time":"2021-09-05 16:24:50","caller":"services/auth.go:func1:51","message":"FFtp"}
{"level":"debug","time":"2021-09-05 16:24:50","caller":"services/auth.go:func1:51","message":"FFtp"}
{"level":"debug","time":"2021-09-05 16:24:50","caller":"services/posts.go:GetPostDetail:89","message":"{Post:{ID:17221764975064776712 Title:跟党将 Content:塞防扽杠 CreateTime:2021-08-25 13:09:00 +0000 UTC Public:false Top:0} Tags:[{ID:11673330234144325637 Name:Golang}]}"}
{"level":"debug","time":"2021-09-05 16:24:53","caller":"services/auth.go:func1:51","message":"FFtp"}
{"level":"debug","time":"2021-09-05 16:24:53","caller":"services/auth.go:func1:48","message":"eyJhbGciOiJIUzI1NiIsInR5cCI6IkpXVCJ9.eyJ1c2VybmFtZSI6IkZGdHAiLCJleHAiOjE2MzEwNjAyNTksImlzcyI6InRoZWRvb3IifQ.R0TYZivWFps4U3iI781GrVfQRuQw1EY1g_6cOt25Fiw"}
{"level":"debug","time":"2021-09-05 16:24:53","caller":"services/auth.go:func1:51","message":"FFtp"}
{"level":"debug","time":"2021-09-05 16:24:53","caller":"services/auth.go:func1:51","message":"FFtp"}
{"level":"debug","time":"2021-09-05 16:24:53","caller":"services/auth.go:func1:51","message":"FFtp"}
{"level":"debug","time":"2021-09-05 16:24:53","caller":"services/posts.go:GetPostTotal:60","message":"共29条博文"}
{"level":"debug","time":"2021-09-05 16:32:57","caller":"services/auth.go:func1:51","message":"FFtp"}
{"level":"debug","time":"2021-09-05 16:32:57","caller":"services/auth.go:func1:51","message":"FFtp"}
{"level":"debug","time":"2021-09-05 16:32:57","caller":"services/posts.go:GetPostDetail:89","message":"{Post:{ID:17221764975064776712 Title:跟党将 Content:塞防扽杠 CreateTime:2021-08-25 13:09:00 +0000 UTC Public:false Top:0} Tags:[{ID:11673330234144325637 Name:Golang}]}"}
{"level":"debug","time":"2021-09-05 16:33:01","caller":"services/auth.go:func1:51","message":"FFtp"}
{"level":"debug","time":"2021-09-05 16:33:01","caller":"services/auth.go:func1:48","message":"eyJhbGciOiJIUzI1NiIsInR5cCI6IkpXVCJ9.eyJ1c2VybmFtZSI6IkZGdHAiLCJleHAiOjE2MzEwNjAyNTksImlzcyI6InRoZWRvb3IifQ.R0TYZivWFps4U3iI781GrVfQRuQw1EY1g_6cOt25Fiw"}
{"level":"debug","time":"2021-09-05 16:33:01","caller":"services/auth.go:func1:51","message":"FFtp"}
{"level":"debug","time":"2021-09-05 16:33:01","caller":"services/auth.go:func1:51","message":"FFtp"}
{"level":"debug","time":"2021-09-05 16:33:01","caller":"services/auth.go:func1:51","message":"FFtp"}
{"level":"debug","time":"2021-09-05 16:33:01","caller":"services/posts.go:GetPostTotal:60","message":"共29条博文"}
{"level":"debug","time":"2021-09-05 16:33:53","caller":"services/auth.go:func1:51","message":"FFtp"}
{"level":"debug","time":"2021-09-05 16:33:53","caller":"services/auth.go:func1:51","message":"FFtp"}
{"level":"debug","time":"2021-09-05 16:33:53","caller":"services/posts.go:GetPostDetail:89","message":"{Post:{ID:17221764975064776712 Title:跟党将 Content:塞防扽杠 CreateTime:2021-08-25 13:09:00 +0000 UTC Public:false Top:0} Tags:[{ID:11673330234144325637 Name:Golang}]}"}
{"level":"debug","time":"2021-09-05 16:33:57","caller":"services/auth.go:func1:51","message":"FFtp"}
{"level":"debug","time":"2021-09-05 16:33:57","caller":"services/auth.go:func1:48","message":"eyJhbGciOiJIUzI1NiIsInR5cCI6IkpXVCJ9.eyJ1c2VybmFtZSI6IkZGdHAiLCJleHAiOjE2MzEwNjAyNTksImlzcyI6InRoZWRvb3IifQ.R0TYZivWFps4U3iI781GrVfQRuQw1EY1g_6cOt25Fiw"}
{"level":"debug","time":"2021-09-05 16:33:57","caller":"services/auth.go:func1:51","message":"FFtp"}
{"level":"debug","time":"2021-09-05 16:33:57","caller":"services/auth.go:func1:51","message":"FFtp"}
{"level":"debug","time":"2021-09-05 16:33:57","caller":"services/auth.go:func1:51","message":"FFtp"}
{"level":"debug","time":"2021-09-05 16:33:57","caller":"services/posts.go:GetPostTotal:60","message":"共29条博文"}
{"level":"debug","time":"2021-09-05 16:34:34","caller":"services/auth.go:func1:51","message":"FFtp"}
{"level":"debug","time":"2021-09-05 16:34:34","caller":"services/auth.go:func1:51","message":"FFtp"}
{"level":"debug","time":"2021-09-05 16:34:34","caller":"services/posts.go:GetPostDetail:89","message":"{Post:{ID:17221764975064776712 Title:跟党将 Content:塞防扽杠 CreateTime:2021-08-25 13:09:00 +0000 UTC Public:false Top:0} Tags:[{ID:11673330234144325637 Name:Golang}]}"}
{"level":"debug","time":"2021-09-05 16:34:39","caller":"services/auth.go:func1:51","message":"FFtp"}
{"level":"debug","time":"2021-09-05 16:34:39","caller":"services/auth.go:func1:48","message":"eyJhbGciOiJIUzI1NiIsInR5cCI6IkpXVCJ9.eyJ1c2VybmFtZSI6IkZGdHAiLCJleHAiOjE2MzEwNjAyNTksImlzcyI6InRoZWRvb3IifQ.R0TYZivWFps4U3iI781GrVfQRuQw1EY1g_6cOt25Fiw"}
{"level":"debug","time":"2021-09-05 16:34:39","caller":"services/auth.go:func1:51","message":"FFtp"}
{"level":"debug","time":"2021-09-05 16:34:39","caller":"services/auth.go:func1:51","message":"FFtp"}
{"level":"debug","time":"2021-09-05 16:34:39","caller":"services/auth.go:func1:51","message":"FFtp"}
{"level":"debug","time":"2021-09-05 16:34:39","caller":"services/posts.go:GetPostTotal:60","message":"共29条博文"}
{"level":"debug","time":"2021-09-05 16:34:46","caller":"services/auth.go:func1:51","message":"FFtp"}
{"level":"debug","time":"2021-09-05 16:34:46","caller":"services/auth.go:func1:51","message":"FFtp"}
{"level":"debug","time":"2021-09-05 16:34:46","caller":"services/posts.go:GetPostDetail:89","message":"{Post:{ID:17221764975064776712 Title:跟党将 Content:塞防扽杠 CreateTime:2021-08-25 13:09:00 +0000 UTC Public:false Top:0} Tags:[{ID:11673330234144325637 Name:Golang}]}"}
{"level":"debug","time":"2021-09-05 16:35:19","caller":"services/auth.go:func1:51","message":"FFtp"}
{"level":"debug","time":"2021-09-05 16:35:19","caller":"services/auth.go:func1:48","message":"eyJhbGciOiJIUzI1NiIsInR5cCI6IkpXVCJ9.eyJ1c2VybmFtZSI6IkZGdHAiLCJleHAiOjE2MzEwNjAyNTksImlzcyI6InRoZWRvb3IifQ.R0TYZivWFps4U3iI781GrVfQRuQw1EY1g_6cOt25Fiw"}
{"level":"debug","time":"2021-09-05 16:35:19","caller":"services/auth.go:func1:51","message":"FFtp"}
{"level":"debug","time":"2021-09-05 16:35:19","caller":"services/auth.go:func1:51","message":"FFtp"}
{"level":"debug","time":"2021-09-05 16:35:19","caller":"services/auth.go:func1:51","message":"FFtp"}
{"level":"debug","time":"2021-09-05 16:35:19","caller":"services/posts.go:GetPostTotal:60","message":"共29条博文"}
{"level":"debug","time":"2021-09-05 16:35:33","caller":"services/auth.go:func1:51","message":"FFtp"}
{"level":"debug","time":"2021-09-05 16:35:33","caller":"services/auth.go:func1:51","message":"FFtp"}
{"level":"debug","time":"2021-09-05 16:35:33","caller":"services/posts.go:GetPostDetail:89","message":"{Post:{ID:17221764975064776712 Title:跟党将 Content:塞防扽杠 CreateTime:2021-08-25 13:09:00 +0000 UTC Public:false Top:0} Tags:[{ID:11673330234144325637 Name:Golang}]}"}
{"level":"debug","time":"2021-09-05 16:35:36","caller":"services/auth.go:func1:51","message":"FFtp"}
{"level":"debug","time":"2021-09-05 16:35:36","caller":"services/auth.go:func1:48","message":"eyJhbGciOiJIUzI1NiIsInR5cCI6IkpXVCJ9.eyJ1c2VybmFtZSI6IkZGdHAiLCJleHAiOjE2MzEwNjAyNTksImlzcyI6InRoZWRvb3IifQ.R0TYZivWFps4U3iI781GrVfQRuQw1EY1g_6cOt25Fiw"}
{"level":"debug","time":"2021-09-05 16:35:36","caller":"services/auth.go:func1:51","message":"FFtp"}
{"level":"debug","time":"2021-09-05 16:35:36","caller":"services/auth.go:func1:51","message":"FFtp"}
{"level":"debug","time":"2021-09-05 16:35:36","caller":"services/auth.go:func1:51","message":"FFtp"}
{"level":"debug","time":"2021-09-05 16:35:36","caller":"services/posts.go:GetPostTotal:60","message":"共29条博文"}
{"level":"debug","time":"2021-09-05 16:37:59","caller":"services/auth.go:func1:51","message":"FFtp"}
{"level":"debug","time":"2021-09-05 16:37:59","caller":"services/auth.go:func1:51","message":"FFtp"}
{"level":"debug","time":"2021-09-05 16:37:59","caller":"services/posts.go:GetPostDetail:89","message":"{Post:{ID:17221764975064776712 Title:跟党将 Content:塞防扽杠 CreateTime:2021-08-25 13:09:00 +0000 UTC Public:false Top:0} Tags:[{ID:11673330234144325637 Name:Golang}]}"}
{"level":"debug","time":"2021-09-05 16:38:03","caller":"services/auth.go:func1:51","message":"FFtp"}
{"level":"debug","time":"2021-09-05 16:38:03","caller":"services/auth.go:func1:48","message":"eyJhbGciOiJIUzI1NiIsInR5cCI6IkpXVCJ9.eyJ1c2VybmFtZSI6IkZGdHAiLCJleHAiOjE2MzEwNjAyNTksImlzcyI6InRoZWRvb3IifQ.R0TYZivWFps4U3iI781GrVfQRuQw1EY1g_6cOt25Fiw"}
{"level":"debug","time":"2021-09-05 16:38:03","caller":"services/auth.go:func1:51","message":"FFtp"}
{"level":"debug","time":"2021-09-05 16:38:03","caller":"services/auth.go:func1:51","message":"FFtp"}
{"level":"debug","time":"2021-09-05 16:38:03","caller":"services/auth.go:func1:51","message":"FFtp"}
{"level":"debug","time":"2021-09-05 16:38:03","caller":"services/posts.go:GetPostTotal:60","message":"共29条博文"}
{"level":"debug","time":"2021-09-05 16:38:40","caller":"services/auth.go:func1:51","message":"FFtp"}
{"level":"debug","time":"2021-09-05 16:38:40","caller":"services/auth.go:func1:51","message":"FFtp"}
{"level":"debug","time":"2021-09-05 16:38:40","caller":"services/posts.go:GetPostDetail:89","message":"{Post:{ID:17221764975064776712 Title:跟党将 Content:塞防扽杠 CreateTime:2021-08-25 13:09:00 +0000 UTC Public:false Top:0} Tags:[{ID:11673330234144325637 Name:Golang}]}"}
{"level":"debug","time":"2021-09-05 16:38:43","caller":"services/auth.go:func1:51","message":"FFtp"}
{"level":"debug","time":"2021-09-05 16:38:43","caller":"services/auth.go:func1:48","message":"eyJhbGciOiJIUzI1NiIsInR5cCI6IkpXVCJ9.eyJ1c2VybmFtZSI6IkZGdHAiLCJleHAiOjE2MzEwNjAyNTksImlzcyI6InRoZWRvb3IifQ.R0TYZivWFps4U3iI781GrVfQRuQw1EY1g_6cOt25Fiw"}
{"level":"debug","time":"2021-09-05 16:38:43","caller":"services/auth.go:func1:51","message":"FFtp"}
{"level":"debug","time":"2021-09-05 16:38:43","caller":"services/auth.go:func1:51","message":"FFtp"}
{"level":"debug","time":"2021-09-05 16:38:43","caller":"services/auth.go:func1:51","message":"FFtp"}
{"level":"debug","time":"2021-09-05 16:38:43","caller":"services/posts.go:GetPostTotal:60","message":"共29条博文"}
{"level":"debug","time":"2021-09-05 16:40:03","caller":"services/auth.go:func1:51","message":"FFtp"}
{"level":"debug","time":"2021-09-05 16:40:03","caller":"services/auth.go:func1:51","message":"FFtp"}
{"level":"debug","time":"2021-09-05 16:40:04","caller":"services/posts.go:GetPostDetail:89","message":"{Post:{ID:17221764975064776712 Title:跟党将 Content:塞防扽杠 CreateTime:2021-08-25 13:09:00 +0000 UTC Public:false Top:0} Tags:[{ID:11673330234144325637 Name:Golang}]}"}
{"level":"debug","time":"2021-09-05 16:40:07","caller":"services/auth.go:func1:51","message":"FFtp"}
{"level":"debug","time":"2021-09-05 16:40:07","caller":"services/posts.go:UpdatePost:190","message":"{ID:17221764975064776712 Title:跟党将 Content:# 塞防扽杠 Public:false Top:false Tags:[{ID:11673330234144325637 Name:Golang}]}"}
{"level":"info","time":"2021-09-05 16:40:07","caller":"services/posts.go:UpdatePost:208","message":"{ID:17221764975064776712 Title:跟党将 Content:# 塞防扽杠 CreateTime:0001-01-01 00:00:00 +0000 UTC Public:false Top:0}"}
{"level":"info","time":"2021-09-05 16:40:07","caller":"services/posts.go:UpdatePost:209","message":"[{ID:11673330234144325637 Name:Golang}]"}
{"level":"debug","time":"2021-09-05 16:40:07","caller":"db/post.go:func1:229","message":"OK"}
{"level":"debug","time":"2021-09-05 16:40:07","caller":"services/auth.go:func1:48","message":"eyJhbGciOiJIUzI1NiIsInR5cCI6IkpXVCJ9.eyJ1c2VybmFtZSI6IkZGdHAiLCJleHAiOjE2MzEwNjAyNTksImlzcyI6InRoZWRvb3IifQ.R0TYZivWFps4U3iI781GrVfQRuQw1EY1g_6cOt25Fiw"}
{"level":"debug","time":"2021-09-05 16:40:07","caller":"services/auth.go:func1:51","message":"FFtp"}
{"level":"debug","time":"2021-09-05 16:40:07","caller":"services/auth.go:func1:51","message":"FFtp"}
{"level":"debug","time":"2021-09-05 16:40:07","caller":"services/auth.go:func1:51","message":"FFtp"}
{"level":"debug","time":"2021-09-05 16:40:07","caller":"services/posts.go:GetPostTotal:60","message":"共29条博文"}
{"level":"debug","time":"2021-09-05 16:40:14","caller":"services/auth.go:func1:51","message":"FFtp"}
{"level":"debug","time":"2021-09-05 16:40:14","caller":"services/auth.go:func1:51","message":"FFtp"}
{"level":"debug","time":"2021-09-05 16:40:14","caller":"services/posts.go:GetPostDetail:89","message":"{Post:{ID:17221764975064776712 Title:跟党将 Content:# 塞防扽杠 CreateTime:2021-08-25 13:09:00 +0000 UTC Public:false Top:0} Tags:[{ID:11673330234144325637 Name:Golang}]}"}
{"level":"debug","time":"2021-09-05 16:40:22","caller":"services/auth.go:func1:51","message":"FFtp"}
{"level":"debug","time":"2021-09-05 16:40:22","caller":"services/posts.go:UpdatePost:190","message":"{ID:17221764975064776712 Title:跟党将 Content:# 塞防扽杠 Public:false Top:false Tags:[{ID:11673330234144325637 Name:Golang} {ID:11673330234144325633 Name:2123} {ID:0 Name:14234}]}"}
{"level":"info","time":"2021-09-05 16:40:22","caller":"services/posts.go:UpdatePost:208","message":"{ID:17221764975064776712 Title:跟党将 Content:# 塞防扽杠 CreateTime:0001-01-01 00:00:00 +0000 UTC Public:false Top:0}"}
{"level":"info","time":"2021-09-05 16:40:22","caller":"services/posts.go:UpdatePost:209","message":"[{ID:11673330234144325637 Name:Golang} {ID:11673330234144325633 Name:2123} {ID:0 Name:14234}]"}
{"level":"debug","time":"2021-09-05 16:40:22","caller":"db/post.go:func1:229","message":"OK"}
{"level":"error","time":"2021-09-05 16:40:22","caller":"services/posts.go:UpdatePost:212","message":"Faild to update post, err = exec insert error"}
{"level":"debug","time":"2021-09-05 16:40:22","caller":"services/auth.go:func1:48","message":"eyJhbGciOiJIUzI1NiIsInR5cCI6IkpXVCJ9.eyJ1c2VybmFtZSI6IkZGdHAiLCJleHAiOjE2MzEwNjAyNTksImlzcyI6InRoZWRvb3IifQ.R0TYZivWFps4U3iI781GrVfQRuQw1EY1g_6cOt25Fiw"}
{"level":"debug","time":"2021-09-05 16:40:22","caller":"services/auth.go:func1:51","message":"FFtp"}
{"level":"debug","time":"2021-09-05 16:40:22","caller":"services/auth.go:func1:51","message":"FFtp"}
{"level":"debug","time":"2021-09-05 16:40:22","caller":"services/auth.go:func1:51","message":"FFtp"}
{"level":"debug","time":"2021-09-05 16:40:22","caller":"services/posts.go:GetPostTotal:60","message":"共29条博文"}
{"level":"debug","time":"2021-09-05 16:40:23","caller":"services/auth.go:func1:51","message":"FFtp"}
{"level":"debug","time":"2021-09-05 16:40:23","caller":"services/auth.go:func1:51","message":"FFtp"}
{"level":"debug","time":"2021-09-05 16:40:23","caller":"services/posts.go:GetPostDetail:89","message":"{Post:{ID:17221764975064776712 Title:跟党将 Content:# 塞防扽杠 CreateTime:2021-08-25 13:09:00 +0000 UTC Public:false Top:0} Tags:[{ID:11673330234144325637 Name:Golang}]}"}
{"level":"debug","time":"2021-09-05 16:47:42","caller":"services/auth.go:func1:51","message":"FFtp"}
{"level":"debug","time":"2021-09-05 16:47:42","caller":"services/posts.go:UpdatePost:190","message":"{ID:17221764975064776712 Title:跟党将 Content:# 塞防扽杠 Public:false Top:false Tags:[{ID:11673330234144325637 Name:Golang} {ID:11313042263954685953 Name:14234} {ID:0 Name:asdf}]}"}
{"level":"info","time":"2021-09-05 16:47:42","caller":"services/posts.go:UpdatePost:208","message":"{ID:17221764975064776712 Title:跟党将 Content:# 塞防扽杠 CreateTime:0001-01-01 00:00:00 +0000 UTC Public:false Top:0}"}
{"level":"info","time":"2021-09-05 16:47:42","caller":"services/posts.go:UpdatePost:209","message":"[{ID:11673330234144325637 Name:Golang} {ID:11313042263954685953 Name:14234} {ID:0 Name:asdf}]"}
{"level":"debug","time":"2021-09-05 16:47:42","caller":"db/post.go:func1:229","message":"OK"}
{"level":"error","time":"2021-09-05 16:47:42","caller":"services/posts.go:UpdatePost:212","message":"Faild to update post, err = exec insert error"}
{"level":"debug","time":"2021-09-05 16:47:42","caller":"services/auth.go:func1:48","message":"eyJhbGciOiJIUzI1NiIsInR5cCI6IkpXVCJ9.eyJ1c2VybmFtZSI6IkZGdHAiLCJleHAiOjE2MzEwNjAyNTksImlzcyI6InRoZWRvb3IifQ.R0TYZivWFps4U3iI781GrVfQRuQw1EY1g_6cOt25Fiw"}
{"level":"debug","time":"2021-09-05 16:47:42","caller":"services/auth.go:func1:51","message":"FFtp"}
{"level":"debug","time":"2021-09-05 16:47:42","caller":"services/auth.go:func1:51","message":"FFtp"}
{"level":"debug","time":"2021-09-05 16:47:42","caller":"services/posts.go:GetPostTotal:60","message":"共29条博文"}
{"level":"debug","time":"2021-09-05 16:47:42","caller":"services/auth.go:func1:51","message":"FFtp"}
{"level":"debug","time":"2021-09-05 16:47:59","caller":"services/auth.go:func1:51","message":"FFtp"}
{"level":"debug","time":"2021-09-05 16:47:59","caller":"services/auth.go:func1:51","message":"FFtp"}
{"level":"debug","time":"2021-09-05 16:47:59","caller":"services/posts.go:GetPostDetail:89","message":"{Post:{ID:17221764975064776712 Title:跟党将 Content:# 塞防扽杠 CreateTime:2021-08-25 13:09:00 +0000 UTC Public:false Top:0} Tags:[{ID:11313042263954685953 Name:14234} {ID:5260204364768739330 Name:asdf} {ID:11673330234144325637 Name:Golang}]}"}
{"level":"debug","time":"2021-09-05 16:48:06","caller":"services/auth.go:func1:51","message":"FFtp"}
{"level":"debug","time":"2021-09-05 16:48:06","caller":"services/posts.go:UpdatePost:190","message":"{ID:17221764975064776712 Title:跟党将 Content:# 塞防扽杠 Public:true Top:true Tags:[{ID:11313042263954685953 Name:14234} {ID:5260204364768739330 Name:asdf} {ID:11673330234144325637 Name:Golang} {ID:11313042263954685953 Name:14234} {ID:11673330234144325633 Name:2123}]}"}
{"level":"info","time":"2021-09-05 16:48:06","caller":"services/posts.go:UpdatePost:208","message":"{ID:17221764975064776712 Title:跟党将 Content:# 塞防扽杠 CreateTime:0001-01-01 00:00:00 +0000 UTC Public:true Top:1630831686}"}
{"level":"info","time":"2021-09-05 16:48:06","caller":"services/posts.go:UpdatePost:209","message":"[{ID:11313042263954685953 Name:14234} {ID:5260204364768739330 Name:asdf} {ID:11673330234144325637 Name:Golang} {ID:11313042263954685953 Name:14234} {ID:11673330234144325633 Name:2123}]"}
{"level":"debug","time":"2021-09-05 16:48:06","caller":"db/post.go:func1:229","message":"OK"}
{"level":"debug","time":"2021-09-05 16:48:06","caller":"services/auth.go:func1:48","message":"eyJhbGciOiJIUzI1NiIsInR5cCI6IkpXVCJ9.eyJ1c2VybmFtZSI6IkZGdHAiLCJleHAiOjE2MzEwNjAyNTksImlzcyI6InRoZWRvb3IifQ.R0TYZivWFps4U3iI781GrVfQRuQw1EY1g_6cOt25Fiw"}
{"level":"debug","time":"2021-09-05 16:48:06","caller":"services/auth.go:func1:51","message":"FFtp"}
{"level":"debug","time":"2021-09-05 16:48:06","caller":"services/auth.go:func1:51","message":"FFtp"}
{"level":"debug","time":"2021-09-05 16:48:06","caller":"services/auth.go:func1:51","message":"FFtp"}
{"level":"debug","time":"2021-09-05 16:48:06","caller":"services/posts.go:GetPostTotal:60","message":"共30条博文"}
{"level":"debug","time":"2021-09-05 16:48:08","caller":"services/auth.go:func1:51","message":"FFtp"}
{"level":"debug","time":"2021-09-05 16:48:08","caller":"services/auth.go:func1:51","message":"FFtp"}
{"level":"debug","time":"2021-09-05 16:48:08","caller":"services/posts.go:GetPostDetail:89","message":"{Post:{ID:17221764975064776712 Title:跟党将 Content:# 塞防扽杠 CreateTime:2021-08-25 13:09:00 +0000 UTC Public:true Top:1630831686} Tags:[{ID:11313042263954685953 Name:14234} {ID:11673330234144325633 Name:2123} {ID:5260204364768739330 Name:asdf} {ID:11673330234144325637 Name:Golang}]}"}
{"level":"debug","time":"2021-09-05 16:49:13","caller":"services/auth.go:func1:51","message":"FFtp"}
{"level":"debug","time":"2021-09-05 16:49:13","caller":"services/posts.go:UpdatePost:190","message":"{ID:17221764975064776712 Title:跟党将 Content:# 塞防扽杠 Public:true Top:true Tags:[{ID:11313042263954685953 Name:14234} {ID:11673330234144325633 Name:2123} {ID:5260204364768739330 Name:asdf} {ID:11673330234144325637 Name:Golang} {ID:11313042263954685953 Name:14234} {ID:0 Name:asdf}]}"}
{"level":"info","time":"2021-09-05 16:49:13","caller":"services/posts.go:UpdatePost:208","message":"{ID:17221764975064776712 Title:跟党将 Content:# 塞防扽杠 CreateTime:0001-01-01 00:00:00 +0000 UTC Public:true Top:1630831753}"}
{"level":"info","time":"2021-09-05 16:49:13","caller":"services/posts.go:UpdatePost:209","message":"[{ID:11313042263954685953 Name:14234} {ID:11673330234144325633 Name:2123} {ID:5260204364768739330 Name:asdf} {ID:11673330234144325637 Name:Golang} {ID:11313042263954685953 Name:14234} {ID:0 Name:asdf}]"}
{"level":"error","time":"2021-09-05 16:49:13","caller":"services/posts.go:UpdatePost:212","message":"Faild to update post, err = Error 1062: Duplicate entry 'asdf' for key 'UNIQUE NAME'"}
{"level":"debug","time":"2021-09-05 16:49:13","caller":"services/auth.go:func1:48","message":"eyJhbGciOiJIUzI1NiIsInR5cCI6IkpXVCJ9.eyJ1c2VybmFtZSI6IkZGdHAiLCJleHAiOjE2MzEwNjAyNTksImlzcyI6InRoZWRvb3IifQ.R0TYZivWFps4U3iI781GrVfQRuQw1EY1g_6cOt25Fiw"}
{"level":"debug","time":"2021-09-05 16:49:13","caller":"services/auth.go:func1:51","message":"FFtp"}
{"level":"debug","time":"2021-09-05 16:49:13","caller":"services/auth.go:func1:51","message":"FFtp"}
{"level":"debug","time":"2021-09-05 16:49:13","caller":"services/posts.go:GetPostTotal:60","message":"共30条博文"}
{"level":"debug","time":"2021-09-05 16:49:13","caller":"services/auth.go:func1:51","message":"FFtp"}
{"level":"debug","time":"2021-09-05 16:49:15","caller":"services/auth.go:func1:51","message":"FFtp"}
{"level":"debug","time":"2021-09-05 16:49:15","caller":"services/auth.go:func1:51","message":"FFtp"}
{"level":"debug","time":"2021-09-05 16:49:15","caller":"services/posts.go:GetPostDetail:89","message":"{Post:{ID:17221764975064776712 Title:跟党将 Content:# 塞防扽杠 CreateTime:2021-08-25 13:09:00 +0000 UTC Public:true Top:1630831686} Tags:[{ID:11313042263954685953 Name:14234} {ID:11673330234144325633 Name:2123} {ID:5260204364768739330 Name:asdf} {ID:11673330234144325637 Name:Golang}]}"}
{"level":"debug","time":"2021-09-05 16:49:48","caller":"services/auth.go:func1:51","message":"FFtp"}
{"level":"debug","time":"2021-09-05 16:49:48","caller":"services/posts.go:UpdatePost:190","message":"{ID:17221764975064776712 Title:跟党将 Content:# 塞防扽杠 Public:true Top:true Tags:[{ID:11313042263954685953 Name:14234} {ID:11673330234144325633 Name:2123} {ID:5260204364768739330 Name:asdf} {ID:11673330234144325637 Name:Golang} {ID:11313042263954685953 Name:14234} {ID:6485183463413514241 Name:234} {ID:0 Name:asdf}]}"}
{"level":"info","time":"2021-09-05 16:49:48","caller":"services/posts.go:UpdatePost:208","message":"{ID:17221764975064776712 Title:跟党将 Content:# 塞防扽杠 CreateTime:0001-01-01 00:00:00 +0000 UTC Public:true Top:1630831788}"}
{"level":"info","time":"2021-09-05 16:49:48","caller":"services/posts.go:UpdatePost:209","message":"[{ID:11313042263954685953 Name:14234} {ID:11673330234144325633 Name:2123} {ID:5260204364768739330 Name:asdf} {ID:11673330234144325637 Name:Golang} {ID:11313042263954685953 Name:14234} {ID:6485183463413514241 Name:234} {ID:0 Name:asdf}]"}
{"level":"error","time":"2021-09-05 16:49:48","caller":"services/posts.go:UpdatePost:212","message":"Faild to update post, err = Error 1062: Duplicate entry 'asdf' for key 'UNIQUE NAME'"}
{"level":"debug","time":"2021-09-05 16:49:48","caller":"services/auth.go:func1:48","message":"eyJhbGciOiJIUzI1NiIsInR5cCI6IkpXVCJ9.eyJ1c2VybmFtZSI6IkZGdHAiLCJleHAiOjE2MzEwNjAyNTksImlzcyI6InRoZWRvb3IifQ.R0TYZivWFps4U3iI781GrVfQRuQw1EY1g_6cOt25Fiw"}
{"level":"debug","time":"2021-09-05 16:49:48","caller":"services/auth.go:func1:51","message":"FFtp"}
{"level":"debug","time":"2021-09-05 16:49:48","caller":"services/auth.go:func1:51","message":"FFtp"}
{"level":"debug","time":"2021-09-05 16:49:48","caller":"services/auth.go:func1:51","message":"FFtp"}
{"level":"debug","time":"2021-09-05 16:49:48","caller":"services/posts.go:GetPostTotal:60","message":"共30条博文"}
{"level":"debug","time":"2021-09-05 16:50:00","caller":"services/auth.go:func1:51","message":"FFtp"}
{"level":"debug","time":"2021-09-05 16:50:00","caller":"services/posts.go:GetPostDetail:89","message":"{Post:{ID:6701356245527298049 Title:跟党将 Content:塞防扽杠 CreateTime:2021-09-05 08:02:23 +0000 UTC Public:true Top:0} Tags:[{ID:11673330234144325633 Name:2123} {ID:3891110078048108545 Name:asd} {ID:3891110078048108547 Name:fdgh} {ID:11673330234144325637 Name:Golang}]}"}
{"level":"debug","time":"2021-09-05 16:50:00","caller":"services/auth.go:func1:51","message":"FFtp"}
{"level":"debug","time":"2021-09-05 16:50:05","caller":"services/auth.go:func1:51","message":"FFtp"}
{"level":"debug","time":"2021-09-05 16:50:05","caller":"services/posts.go:UpdatePost:190","message":"{ID:6701356245527298049 Title:跟党将 Content:塞防扽杠 Public:true Top:false Tags:[{ID:11673330234144325633 Name:2123} {ID:3891110078048108545 Name:asd} {ID:3891110078048108547 Name:fdgh} {ID:11673330234144325637 Name:Golang} {ID:11313042263954685953 Name:14234} {ID:11673330234144325633 Name:2123}]}"}
{"level":"info","time":"2021-09-05 16:50:05","caller":"services/posts.go:UpdatePost:208","message":"{ID:6701356245527298049 Title:跟党将 Content:塞防扽杠 CreateTime:0001-01-01 00:00:00 +0000 UTC Public:true Top:0}"}
{"level":"info","time":"2021-09-05 16:50:05","caller":"services/posts.go:UpdatePost:209","message":"[{ID:11673330234144325633 Name:2123} {ID:3891110078048108545 Name:asd} {ID:3891110078048108547 Name:fdgh} {ID:11673330234144325637 Name:Golang} {ID:11313042263954685953 Name:14234} {ID:11673330234144325633 Name:2123}]"}
{"level":"debug","time":"2021-09-05 16:50:05","caller":"db/post.go:func1:229","message":"OK"}
{"level":"debug","time":"2021-09-05 16:50:05","caller":"services/auth.go:func1:48","message":"eyJhbGciOiJIUzI1NiIsInR5cCI6IkpXVCJ9.eyJ1c2VybmFtZSI6IkZGdHAiLCJleHAiOjE2MzEwNjAyNTksImlzcyI6InRoZWRvb3IifQ.R0TYZivWFps4U3iI781GrVfQRuQw1EY1g_6cOt25Fiw"}
{"level":"debug","time":"2021-09-05 16:50:05","caller":"services/auth.go:func1:51","message":"FFtp"}
{"level":"debug","time":"2021-09-05 16:50:05","caller":"services/auth.go:func1:51","message":"FFtp"}
{"level":"debug","time":"2021-09-05 16:50:05","caller":"services/auth.go:func1:51","message":"FFtp"}
{"level":"debug","time":"2021-09-05 16:50:05","caller":"services/posts.go:GetPostTotal:60","message":"共30条博文"}
{"level":"debug","time":"2021-09-05 16:50:15","caller":"services/auth.go:func1:51","message":"FFtp"}
{"level":"debug","time":"2021-09-05 16:50:15","caller":"services/auth.go:func1:51","message":"FFtp"}
{"level":"debug","time":"2021-09-05 16:50:15","caller":"services/posts.go:GetPostDetail:89","message":"{Post:{ID:6701356245527298049 Title:跟党将 Content:塞防扽杠 CreateTime:2021-09-05 08:02:23 +0000 UTC Public:true Top:0} Tags:[{ID:11313042263954685953 Name:14234} {ID:11673330234144325633 Name:2123} {ID:3891110078048108545 Name:asd} {ID:3891110078048108547 Name:fdgh} {ID:11673330234144325637 Name:Golang}]}"}
{"level":"debug","time":"2021-09-05 16:50:17","caller":"services/auth.go:func1:48","message":"eyJhbGciOiJIUzI1NiIsInR5cCI6IkpXVCJ9.eyJ1c2VybmFtZSI6IkZGdHAiLCJleHAiOjE2MzEwNjAyNTksImlzcyI6InRoZWRvb3IifQ.R0TYZivWFps4U3iI781GrVfQRuQw1EY1g_6cOt25Fiw"}
{"level":"debug","time":"2021-09-05 16:50:17","caller":"services/auth.go:func1:51","message":"FFtp"}
{"level":"debug","time":"2021-09-05 16:50:17","caller":"services/auth.go:func1:51","message":"FFtp"}
{"level":"debug","time":"2021-09-05 16:50:17","caller":"services/auth.go:func1:51","message":"FFtp"}
{"level":"debug","time":"2021-09-05 16:50:17","caller":"services/posts.go:GetPostTotal:60","message":"共30条博文"}
{"level":"debug","time":"2021-09-05 16:50:21","caller":"services/auth.go:func1:51","message":"FFtp"}
{"level":"debug","time":"2021-09-05 16:50:46","caller":"services/auth.go:func1:51","message":"FFtp"}
{"level":"debug","time":"2021-09-05 16:50:46","caller":"services/auth.go:func1:48","message":"eyJhbGciOiJIUzI1NiIsInR5cCI6IkpXVCJ9.eyJ1c2VybmFtZSI6IkZGdHAiLCJleHAiOjE2MzEwNjAyNTksImlzcyI6InRoZWRvb3IifQ.R0TYZivWFps4U3iI781GrVfQRuQw1EY1g_6cOt25Fiw"}
{"level":"debug","time":"2021-09-05 16:50:46","caller":"services/auth.go:func1:51","message":"FFtp"}
{"level":"debug","time":"2021-09-05 16:50:46","caller":"services/auth.go:func1:51","message":"FFtp"}
{"level":"debug","time":"2021-09-05 16:50:46","caller":"services/auth.go:func1:51","message":"FFtp"}
{"level":"debug","time":"2021-09-05 16:50:46","caller":"services/posts.go:GetPostTotal:60","message":"共30条博文"}
{"level":"error","time":"2021-09-05 16:50:48","caller":"services/sys.go:GetSysInfo:28","message":"Failed to read WS message"}
{"level":"error","time":"2021-09-05 16:50:48","caller":"services/sys.go:GetSysInfo:28","message":"Failed to read WS message"}
{"level":"error","time":"2021-09-05 16:50:48","caller":"services/sys.go:GetSysInfo:28","message":"Failed to read WS message"}
{"level":"error","time":"2021-09-05 16:50:48","caller":"services/sys.go:GetSysInfo:28","message":"Failed to read WS message"}
{"level":"error","time":"2021-09-05 16:50:48","caller":"services/sys.go:GetSysInfo:28","message":"Failed to read WS message"}
{"level":"debug","time":"2021-09-05 16:50:49","caller":"services/auth.go:func1:48","message":"eyJhbGciOiJIUzI1NiIsInR5cCI6IkpXVCJ9.eyJ1c2VybmFtZSI6IkZGdHAiLCJleHAiOjE2MzEwNjAyNTksImlzcyI6InRoZWRvb3IifQ.R0TYZivWFps4U3iI781GrVfQRuQw1EY1g_6cOt25Fiw"}
{"level":"debug","time":"2021-09-05 16:50:49","caller":"services/auth.go:func1:51","message":"FFtp"}
{"level":"debug","time":"2021-09-05 16:50:49","caller":"services/auth.go:func1:51","message":"FFtp"}
{"level":"debug","time":"2021-09-05 16:50:49","caller":"services/auth.go:func1:51","message":"FFtp"}
{"level":"debug","time":"2021-09-05 16:50:49","caller":"services/posts.go:GetPostTotal:60","message":"共30条博文"}
{"level":"debug","time":"2021-09-05 16:50:51","caller":"services/auth.go:func1:51","message":"FFtp"}
{"level":"debug","time":"2021-09-05 16:50:52","caller":"services/auth.go:func1:51","message":"FFtp"}
{"level":"debug","time":"2021-09-05 16:50:54","caller":"services/auth.go:func1:51","message":"FFtp"}
{"level":"debug","time":"2021-09-05 16:51:00","caller":"services/auth.go:func1:51","message":"FFtp"}
{"level":"debug","time":"2021-09-05 16:51:00","caller":"services/auth.go:func1:51","message":"FFtp"}
{"level":"debug","time":"2021-09-05 16:51:00","caller":"services/posts.go:GetPostDetail:89","message":"{Post:{ID:16212958658533785605 Title:更新博文测试 Content:# 测试\n\n供博文更新的测试使用 CreateTime:2021-09-05 08:50:46 +0000 UTC Public:false Top:0} Tags:[]}"}
{"level":"debug","time":"2021-09-05 16:51:05","caller":"services/auth.go:func1:51","message":"FFtp"}
{"level":"debug","time":"2021-09-05 16:51:05","caller":"services/posts.go:UpdatePost:190","message":"{ID:16212958658533785605 Title:更新博文测试 Content:# 测试\n\n供博文更新的测试使用 Public:false Top:false Tags:[{ID:11313042263954685953 Name:14234}]}"}
{"level":"info","time":"2021-09-05 16:51:05","caller":"services/posts.go:UpdatePost:208","message":"{ID:16212958658533785605 Title:更新博文测试 Content:# 测试\n\n供博文更新的测试使用 CreateTime:0001-01-01 00:00:00 +0000 UTC Public:false Top:0}"}
{"level":"info","time":"2021-09-05 16:51:05","caller":"services/posts.go:UpdatePost:209","message":"[{ID:11313042263954685953 Name:14234}]"}
{"level":"debug","time":"2021-09-05 16:51:05","caller":"db/post.go:func1:229","message":"OK"}
{"level":"debug","time":"2021-09-05 16:51:05","caller":"services/auth.go:func1:48","message":"eyJhbGciOiJIUzI1NiIsInR5cCI6IkpXVCJ9.eyJ1c2VybmFtZSI6IkZGdHAiLCJleHAiOjE2MzEwNjAyNTksImlzcyI6InRoZWRvb3IifQ.R0TYZivWFps4U3iI781GrVfQRuQw1EY1g_6cOt25Fiw"}
{"level":"debug","time":"2021-09-05 16:51:05","caller":"services/auth.go:func1:51","message":"FFtp"}
{"level":"debug","time":"2021-09-05 16:51:05","caller":"services/auth.go:func1:51","message":"FFtp"}
{"level":"debug","time":"2021-09-05 16:51:05","caller":"services/auth.go:func1:51","message":"FFtp"}
{"level":"debug","time":"2021-09-05 16:51:05","caller":"services/posts.go:GetPostTotal:60","message":"共30条博文"}
{"level":"debug","time":"2021-09-05 16:51:07","caller":"services/auth.go:func1:51","message":"FFtp"}
{"level":"debug","time":"2021-09-05 16:51:07","caller":"services/auth.go:func1:51","message":"FFtp"}
{"level":"debug","time":"2021-09-05 16:51:07","caller":"services/posts.go:GetPostDetail:89","message":"{Post:{ID:16212958658533785605 Title:更新博文测试 Content:# 测试\n\n供博文更新的测试使用 CreateTime:2021-09-05 08:50:46 +0000 UTC Public:false Top:0} Tags:[{ID:11313042263954685953 Name:14234}]}"}
{"level":"debug","time":"2021-09-05 17:04:33","caller":"services/auth.go:func1:51","message":"FFtp"}
{"level":"debug","time":"2021-09-05 17:04:33","caller":"services/auth.go:func1:51","message":"FFtp"}
{"level":"debug","time":"2021-09-05 17:04:33","caller":"services/posts.go:GetPostDetail:89","message":"{Post:{ID:16212958658533785605 Title:更新博文测试 Content:# 测试\n\n供博文更新的测试 使用  CreateTime:2021-09-05 08:50:46 +0000 UTC Public:false Top:0} Tags:[{ID:11313042263954685953 Name:14234}]}"}
{"level":"debug","time":"2021-09-05 17:05:19","caller":"services/auth.go:func1:51","message":"FFtp"}
{"level":"debug","time":"2021-09-05 17:05:19","caller":"services/auth.go:func1:51","message":"FFtp"}
{"level":"debug","time":"2021-09-05 17:05:19","caller":"services/posts.go:GetPostDetail:89","message":"{Post:{ID:16212958658533785605 Title:更新博文测试 Content:# 测试\n\n供博文更新的测试 使用  CreateTime:2021-09-05 08:50:46 +0000 UTC Public:false Top:0} Tags:[{ID:11313042263954685953 Name:14234}]}"}
{"level":"debug","time":"2021-09-05 17:05:35","caller":"services/auth.go:func1:51","message":"FFtp"}
{"level":"debug","time":"2021-09-05 17:05:35","caller":"services/auth.go:func1:51","message":"FFtp"}
{"level":"debug","time":"2021-09-05 17:05:35","caller":"services/posts.go:GetPostDetail:89","message":"{Post:{ID:16212958658533785605 Title:更新博文测试 Content:# 测试\n\n供博文更新的测试 使用 \n\n  json CreateTime:2021-09-05 08:50:46 +0000 UTC Public:false Top:0} Tags:[{ID:11313042263954685953 Name:14234}]}"}
{"level":"debug","time":"2021-09-05 17:10:25","caller":"services/auth.go:func1:51","message":"FFtp"}
{"level":"debug","time":"2021-09-05 17:10:25","caller":"services/auth.go:func1:51","message":"FFtp"}
{"level":"debug","time":"2021-09-05 17:10:25","caller":"services/posts.go:GetPostDetail:89","message":"{Post:{ID:16212958658533785605 Title:更新博文测试 Content:# 测试\n\n供博文更新的测试 使用 \n\n  json CreateTime:2021-09-05 08:50:46 +0000 UTC Public:false Top:0} Tags:[{ID:11313042263954685953 Name:14234}]}"}
{"level":"debug","time":"2021-09-05 17:12:57","caller":"services/auth.go:func1:51","message":"FFtp"}
{"level":"debug","time":"2021-09-05 17:12:57","caller":"services/auth.go:func1:51","message":"FFtp"}
{"level":"debug","time":"2021-09-05 17:12:57","caller":"services/posts.go:GetPostDetail:89","message":"{Post:{ID:16212958658533785605 Title:更新博文测试 Content:# 测试\n\n供博文更新的测试 使用 \n\n  json CreateTime:2021-09-05 08:50:46 +0000 UTC Public:false Top:0} Tags:[{ID:11313042263954685953 Name:14234}]}"}
{"level":"debug","time":"2021-09-05 17:13:02","caller":"services/auth.go:func1:51","message":"FFtp"}
{"level":"debug","time":"2021-09-05 17:13:02","caller":"services/auth.go:func1:51","message":"FFtp"}
{"level":"debug","time":"2021-09-05 17:13:02","caller":"services/posts.go:GetPostDetail:89","message":"{Post:{ID:16212958658533785605 Title:更新博文测试 Content:# 测试\n\n供博文更新的测试 使用 \n\n  json CreateTime:2021-09-05 08:50:46 +0000 UTC Public:false Top:0} Tags:[{ID:11313042263954685953 Name:14234}]}"}
{"level":"debug","time":"2021-09-05 17:13:08","caller":"services/auth.go:func1:51","message":"FFtp"}
{"level":"debug","time":"2021-09-05 17:13:08","caller":"services/posts.go:UpdatePost:190","message":"{ID:16212958658533785605 Title:更新博文测试 Content:# 测试\n\n供博文更新的测试 使用 \n\n  json Public:false Top:false Tags:[{ID:11313042263954685953 Name:14234} {ID:0 Name:asfgd}]}"}
{"level":"info","time":"2021-09-05 17:13:08","caller":"services/posts.go:UpdatePost:208","message":"{ID:16212958658533785605 Title:更新博文测试 Content:# 测试\n\n供博文更新的测试 使用 \n\n  json CreateTime:0001-01-01 00:00:00 +0000 UTC Public:false Top:0}"}
{"level":"info","time":"2021-09-05 17:13:08","caller":"services/posts.go:UpdatePost:209","message":"[{ID:11313042263954685953 Name:14234} {ID:0 Name:asfgd}]"}
{"level":"debug","time":"2021-09-05 17:13:09","caller":"services/auth.go:func1:48","message":"eyJhbGciOiJIUzI1NiIsInR5cCI6IkpXVCJ9.eyJ1c2VybmFtZSI6IkZGdHAiLCJleHAiOjE2MzEwNjAyNTksImlzcyI6InRoZWRvb3IifQ.R0TYZivWFps4U3iI781GrVfQRuQw1EY1g_6cOt25Fiw"}
{"level":"debug","time":"2021-09-05 17:13:09","caller":"services/auth.go:func1:51","message":"FFtp"}
{"level":"debug","time":"2021-09-05 17:13:09","caller":"services/auth.go:func1:51","message":"FFtp"}
{"level":"debug","time":"2021-09-05 17:13:09","caller":"services/auth.go:func1:51","message":"FFtp"}
{"level":"debug","time":"2021-09-05 17:13:09","caller":"services/posts.go:GetPostTotal:60","message":"共30条博文"}
{"level":"debug","time":"2021-09-05 17:13:13","caller":"services/auth.go:func1:51","message":"FFtp"}
{"level":"debug","time":"2021-09-05 17:13:13","caller":"services/auth.go:func1:51","message":"FFtp"}
{"level":"debug","time":"2021-09-05 17:13:13","caller":"services/posts.go:GetPostDetail:89","message":"{Post:{ID:16212958658533785605 Title:更新博文测试 Content:# 测试\n\n供博文更新的测试 使用 \n\n  json CreateTime:2021-09-05 08:50:46 +0000 UTC Public:false Top:0} Tags:[{ID:11313042263954685953 Name:14234} {ID:3242591731706757121 Name:asfgd}]}"}
{"level":"debug","time":"2021-09-05 17:13:16","caller":"services/auth.go:func1:51","message":"FFtp"}
{"level":"debug","time":"2021-09-05 17:13:16","caller":"services/posts.go:UpdatePost:190","message":"{ID:16212958658533785605 Title:更新博文测试 Content:# 测试\n\n供博文更新的测试 使用 \n\n  json Public:false Top:true Tags:[{ID:11313042263954685953 Name:14234} {ID:3242591731706757121 Name:asfgd}]}"}
{"level":"info","time":"2021-09-05 17:13:16","caller":"services/posts.go:UpdatePost:208","message":"{ID:16212958658533785605 Title:更新博文测试 Content:# 测试\n\n供博文更新的测试 使用 \n\n  json CreateTime:0001-01-01 00:00:00 +0000 UTC Public:false Top:1630833196}"}
{"level":"info","time":"2021-09-05 17:13:16","caller":"services/posts.go:UpdatePost:209","message":"[{ID:11313042263954685953 Name:14234} {ID:3242591731706757121 Name:asfgd}]"}
{"level":"debug","time":"2021-09-05 17:13:16","caller":"services/auth.go:func1:48","message":"eyJhbGciOiJIUzI1NiIsInR5cCI6IkpXVCJ9.eyJ1c2VybmFtZSI6IkZGdHAiLCJleHAiOjE2MzEwNjAyNTksImlzcyI6InRoZWRvb3IifQ.R0TYZivWFps4U3iI781GrVfQRuQw1EY1g_6cOt25Fiw"}
{"level":"debug","time":"2021-09-05 17:13:16","caller":"services/auth.go:func1:51","message":"FFtp"}
{"level":"debug","time":"2021-09-05 17:13:16","caller":"services/auth.go:func1:51","message":"FFtp"}
{"level":"debug","time":"2021-09-05 17:13:16","caller":"services/auth.go:func1:51","message":"FFtp"}
{"level":"debug","time":"2021-09-05 17:13:16","caller":"services/posts.go:GetPostTotal:60","message":"共30条博文"}
{"level":"debug","time":"2021-09-05 17:13:19","caller":"services/auth.go:func1:51","message":"FFtp"}
{"level":"debug","time":"2021-09-05 17:13:19","caller":"services/auth.go:func1:51","message":"FFtp"}
{"level":"debug","time":"2021-09-05 17:13:19","caller":"services/posts.go:GetPostDetail:89","message":"{Post:{ID:16212958658533785605 Title:更新博文测试 Content:# 测试\n\n供博文更新的测试 使用 \n\n  json CreateTime:2021-09-05 08:50:46 +0000 UTC Public:false Top:1630833196} Tags:[{ID:11313042263954685953 Name:14234} {ID:3242591731706757121 Name:asfgd}]}"}
{"level":"debug","time":"2021-09-05 17:13:22","caller":"services/auth.go:func1:51","message":"FFtp"}
{"level":"debug","time":"2021-09-05 17:13:22","caller":"services/posts.go:UpdatePost:190","message":"{ID:16212958658533785605 Title:更新博文测试 Content:# 测试\n\n供博文更新的测试 使用 \n\n  json Public:true Top:true Tags:[{ID:11313042263954685953 Name:14234} {ID:3242591731706757121 Name:asfgd}]}"}
{"level":"info","time":"2021-09-05 17:13:22","caller":"services/posts.go:UpdatePost:208","message":"{ID:16212958658533785605 Title:更新博文测试 Content:# 测试\n\n供博文更新的测试 使用 \n\n  json CreateTime:0001-01-01 00:00:00 +0000 UTC Public:true Top:1630833202}"}
{"level":"info","time":"2021-09-05 17:13:22","caller":"services/posts.go:UpdatePost:209","message":"[{ID:11313042263954685953 Name:14234} {ID:3242591731706757121 Name:asfgd}]"}
{"level":"debug","time":"2021-09-05 17:13:22","caller":"services/auth.go:func1:48","message":"eyJhbGciOiJIUzI1NiIsInR5cCI6IkpXVCJ9.eyJ1c2VybmFtZSI6IkZGdHAiLCJleHAiOjE2MzEwNjAyNTksImlzcyI6InRoZWRvb3IifQ.R0TYZivWFps4U3iI781GrVfQRuQw1EY1g_6cOt25Fiw"}
{"level":"debug","time":"2021-09-05 17:13:22","caller":"services/auth.go:func1:51","message":"FFtp"}
{"level":"debug","time":"2021-09-05 17:13:22","caller":"services/auth.go:func1:51","message":"FFtp"}
{"level":"debug","time":"2021-09-05 17:13:22","caller":"services/auth.go:func1:51","message":"FFtp"}
{"level":"debug","time":"2021-09-05 17:13:22","caller":"services/posts.go:GetPostTotal:60","message":"共31条博文"}
{"level":"debug","time":"2021-09-05 17:19:51","caller":"services/auth.go:func1:48","message":"eyJhbGciOiJIUzI1NiIsInR5cCI6IkpXVCJ9.eyJ1c2VybmFtZSI6IkZGdHAiLCJleHAiOjE2MzEwNjAyNTksImlzcyI6InRoZWRvb3IifQ.R0TYZivWFps4U3iI781GrVfQRuQw1EY1g_6cOt25Fiw"}
{"level":"debug","time":"2021-09-05 17:19:51","caller":"services/auth.go:func1:51","message":"FFtp"}
{"level":"debug","time":"2021-09-05 17:19:52","caller":"services/auth.go:func1:51","message":"FFtp"}
{"level":"debug","time":"2021-09-05 17:19:52","caller":"services/auth.go:func1:51","message":"FFtp"}
{"level":"debug","time":"2021-09-05 17:19:52","caller":"services/posts.go:GetPostTotal:61","message":"共31条博文"}
{"level":"debug","time":"2021-09-05 17:20:40","caller":"services/auth.go:func1:48","message":"eyJhbGciOiJIUzI1NiIsInR5cCI6IkpXVCJ9.eyJ1c2VybmFtZSI6IkZGdHAiLCJleHAiOjE2MzEwNjAyNTksImlzcyI6InRoZWRvb3IifQ.R0TYZivWFps4U3iI781GrVfQRuQw1EY1g_6cOt25Fiw"}
{"level":"debug","time":"2021-09-05 17:20:40","caller":"services/auth.go:func1:51","message":"FFtp"}
{"level":"debug","time":"2021-09-05 17:20:40","caller":"services/auth.go:func1:51","message":"FFtp"}
{"level":"debug","time":"2021-09-05 17:20:40","caller":"services/auth.go:func1:51","message":"FFtp"}
{"level":"debug","time":"2021-09-05 17:20:40","caller":"services/posts.go:GetPostTotal:61","message":"共31条博文"}
{"level":"debug","time":"2021-09-05 17:20:58","caller":"services/auth.go:func1:48","message":"eyJhbGciOiJIUzI1NiIsInR5cCI6IkpXVCJ9.eyJ1c2VybmFtZSI6IkZGdHAiLCJleHAiOjE2MzEwNjAyNTksImlzcyI6InRoZWRvb3IifQ.R0TYZivWFps4U3iI781GrVfQRuQw1EY1g_6cOt25Fiw"}
{"level":"debug","time":"2021-09-05 17:20:58","caller":"services/auth.go:func1:51","message":"FFtp"}
{"level":"debug","time":"2021-09-05 17:20:58","caller":"services/auth.go:func1:51","message":"FFtp"}
{"level":"debug","time":"2021-09-05 17:20:58","caller":"services/posts.go:GetPostTotal:61","message":"共31条博文"}
{"level":"debug","time":"2021-09-05 17:20:58","caller":"services/auth.go:func1:51","message":"FFtp"}
{"level":"error","time":"2021-09-05 17:21:18","caller":"services/sys.go:GetSysInfo:28","message":"Failed to read WS message"}
{"level":"error","time":"2021-09-05 17:21:18","caller":"services/sys.go:GetSysInfo:28","message":"Failed to read WS message"}
{"level":"error","time":"2021-09-05 17:21:18","caller":"services/sys.go:GetSysInfo:28","message":"Failed to read WS message"}
{"level":"debug","time":"2021-09-05 17:21:19","caller":"services/auth.go:func1:48","message":"eyJhbGciOiJIUzI1NiIsInR5cCI6IkpXVCJ9.eyJ1c2VybmFtZSI6IkZGdHAiLCJleHAiOjE2MzEwNjAyNTksImlzcyI6InRoZWRvb3IifQ.R0TYZivWFps4U3iI781GrVfQRuQw1EY1g_6cOt25Fiw"}
{"level":"debug","time":"2021-09-05 17:21:19","caller":"services/auth.go:func1:51","message":"FFtp"}
{"level":"debug","time":"2021-09-05 17:21:19","caller":"services/auth.go:func1:51","message":"FFtp"}
{"level":"debug","time":"2021-09-05 17:21:19","caller":"services/auth.go:func1:51","message":"FFtp"}
{"level":"debug","time":"2021-09-05 17:21:19","caller":"services/posts.go:GetPostTotal:61","message":"共31条博文"}
{"level":"debug","time":"2021-09-05 17:21:21","caller":"services/auth.go:func1:51","message":"FFtp"}
{"level":"debug","time":"2021-09-05 17:21:21","caller":"services/posts.go:UpdatePost:191","message":"{ID:0 Title: Content: Public:false Top:false Tags:[]}"}
{"level":"error","time":"2021-09-05 17:21:21","caller":"services/posts.go:UpdatePost:193","message":"no post id"}
{"level":"debug","time":"2021-09-05 17:22:16","caller":"services/auth.go:func1:51","message":"FFtp"}
{"level":"error","time":"2021-09-05 17:22:16","caller":"services/posts.go:DeletePost:230","message":"Faild to update post, err = Error 1064: You have an error in your SQL syntax; check the manual that corresponds to your MariaDB server version for the right syntax to use near 'WHERE `id` = ?' at line 1"}
{"level":"debug","time":"2021-09-05 17:23:13","caller":"services/auth.go:func1:51","message":"FFtp"}
{"level":"error","time":"2021-09-05 17:23:13","caller":"services/posts.go:DeletePost:230","message":"Faild to update post, err = Error 1146: Table 'thedoor.post' doesn't exist"}
{"level":"debug","time":"2021-09-05 17:23:31","caller":"services/auth.go:func1:51","message":"FFtp"}
{"level":"debug","time":"2021-09-05 17:23:52","caller":"services/auth.go:func1:48","message":"eyJhbGciOiJIUzI1NiIsInR5cCI6IkpXVCJ9.eyJ1c2VybmFtZSI6IkZGdHAiLCJleHAiOjE2MzEwNjAyNTksImlzcyI6InRoZWRvb3IifQ.R0TYZivWFps4U3iI781GrVfQRuQw1EY1g_6cOt25Fiw"}
{"level":"debug","time":"2021-09-05 17:23:52","caller":"services/auth.go:func1:51","message":"FFtp"}
{"level":"debug","time":"2021-09-05 17:23:52","caller":"services/auth.go:func1:51","message":"FFtp"}
{"level":"debug","time":"2021-09-05 17:23:52","caller":"services/posts.go:GetPostTotal:61","message":"共30条博文"}
{"level":"debug","time":"2021-09-05 17:23:52","caller":"services/auth.go:func1:51","message":"FFtp"}
{"level":"debug","time":"2021-09-05 17:24:34","caller":"services/auth.go:func1:48","message":"eyJhbGciOiJIUzI1NiIsInR5cCI6IkpXVCJ9.eyJ1c2VybmFtZSI6IkZGdHAiLCJleHAiOjE2MzEwNjAyNTksImlzcyI6InRoZWRvb3IifQ.R0TYZivWFps4U3iI781GrVfQRuQw1EY1g_6cOt25Fiw"}
{"level":"debug","time":"2021-09-05 17:24:34","caller":"services/auth.go:func1:51","message":"FFtp"}
{"level":"debug","time":"2021-09-05 17:24:34","caller":"services/auth.go:func1:51","message":"FFtp"}
{"level":"debug","time":"2021-09-05 17:24:34","caller":"services/auth.go:func1:51","message":"FFtp"}
{"level":"debug","time":"2021-09-05 17:24:34","caller":"services/posts.go:GetPostTotal:61","message":"共30条博文"}
{"level":"debug","time":"2021-09-05 17:25:27","caller":"services/auth.go:func1:48","message":"eyJhbGciOiJIUzI1NiIsInR5cCI6IkpXVCJ9.eyJ1c2VybmFtZSI6IkZGdHAiLCJleHAiOjE2MzEwNjAyNTksImlzcyI6InRoZWRvb3IifQ.R0TYZivWFps4U3iI781GrVfQRuQw1EY1g_6cOt25Fiw"}
{"level":"debug","time":"2021-09-05 17:25:27","caller":"services/auth.go:func1:51","message":"FFtp"}
{"level":"debug","time":"2021-09-05 17:25:27","caller":"services/auth.go:func1:51","message":"FFtp"}
{"level":"debug","time":"2021-09-05 17:25:27","caller":"services/posts.go:GetPostTotal:61","message":"共30条博文"}
{"level":"debug","time":"2021-09-05 17:25:27","caller":"services/auth.go:func1:51","message":"FFtp"}
{"level":"debug","time":"2021-09-05 17:25:46","caller":"services/auth.go:func1:48","message":"eyJhbGciOiJIUzI1NiIsInR5cCI6IkpXVCJ9.eyJ1c2VybmFtZSI6IkZGdHAiLCJleHAiOjE2MzEwNjAyNTksImlzcyI6InRoZWRvb3IifQ.R0TYZivWFps4U3iI781GrVfQRuQw1EY1g_6cOt25Fiw"}
{"level":"debug","time":"2021-09-05 17:25:46","caller":"services/auth.go:func1:51","message":"FFtp"}
{"level":"debug","time":"2021-09-05 17:25:46","caller":"services/auth.go:func1:51","message":"FFtp"}
{"level":"debug","time":"2021-09-05 17:25:46","caller":"services/auth.go:func1:51","message":"FFtp"}
{"level":"debug","time":"2021-09-05 17:25:46","caller":"services/posts.go:GetPostTotal:61","message":"共30条博文"}
{"level":"debug","time":"2021-09-05 17:25:48","caller":"services/auth.go:func1:48","message":"eyJhbGciOiJIUzI1NiIsInR5cCI6IkpXVCJ9.eyJ1c2VybmFtZSI6IkZGdHAiLCJleHAiOjE2MzEwNjAyNTksImlzcyI6InRoZWRvb3IifQ.R0TYZivWFps4U3iI781GrVfQRuQw1EY1g_6cOt25Fiw"}
{"level":"debug","time":"2021-09-05 17:25:48","caller":"services/auth.go:func1:51","message":"FFtp"}
{"level":"debug","time":"2021-09-05 17:25:48","caller":"services/auth.go:func1:51","message":"FFtp"}
{"level":"debug","time":"2021-09-05 17:25:48","caller":"services/posts.go:GetPostTotal:61","message":"共30条博文"}
{"level":"debug","time":"2021-09-05 17:25:48","caller":"services/auth.go:func1:51","message":"FFtp"}
{"level":"debug","time":"2021-09-05 17:26:46","caller":"services/auth.go:func1:48","message":"eyJhbGciOiJIUzI1NiIsInR5cCI6IkpXVCJ9.eyJ1c2VybmFtZSI6IkZGdHAiLCJleHAiOjE2MzEwNjAyNTksImlzcyI6InRoZWRvb3IifQ.R0TYZivWFps4U3iI781GrVfQRuQw1EY1g_6cOt25Fiw"}
{"level":"debug","time":"2021-09-05 17:26:46","caller":"services/auth.go:func1:51","message":"FFtp"}
{"level":"debug","time":"2021-09-05 17:26:46","caller":"services/auth.go:func1:51","message":"FFtp"}
{"level":"debug","time":"2021-09-05 17:26:46","caller":"services/posts.go:GetPostTotal:61","message":"共30条博文"}
{"level":"debug","time":"2021-09-05 17:26:46","caller":"services/auth.go:func1:51","message":"FFtp"}
{"level":"debug","time":"2021-09-05 17:26:47","caller":"services/auth.go:func1:48","message":"eyJhbGciOiJIUzI1NiIsInR5cCI6IkpXVCJ9.eyJ1c2VybmFtZSI6IkZGdHAiLCJleHAiOjE2MzEwNjAyNTksImlzcyI6InRoZWRvb3IifQ.R0TYZivWFps4U3iI781GrVfQRuQw1EY1g_6cOt25Fiw"}
{"level":"debug","time":"2021-09-05 17:26:47","caller":"services/auth.go:func1:51","message":"FFtp"}
{"level":"debug","time":"2021-09-05 17:26:47","caller":"services/auth.go:func1:51","message":"FFtp"}
{"level":"debug","time":"2021-09-05 17:26:47","caller":"services/posts.go:GetPostTotal:61","message":"共30条博文"}
{"level":"debug","time":"2021-09-05 17:26:47","caller":"services/auth.go:func1:51","message":"FFtp"}
{"level":"debug","time":"2021-09-05 17:27:22","caller":"services/auth.go:func1:48","message":"eyJhbGciOiJIUzI1NiIsInR5cCI6IkpXVCJ9.eyJ1c2VybmFtZSI6IkZGdHAiLCJleHAiOjE2MzEwNjAyNTksImlzcyI6InRoZWRvb3IifQ.R0TYZivWFps4U3iI781GrVfQRuQw1EY1g_6cOt25Fiw"}
{"level":"debug","time":"2021-09-05 17:27:22","caller":"services/auth.go:func1:51","message":"FFtp"}
{"level":"debug","time":"2021-09-05 17:27:22","caller":"services/auth.go:func1:51","message":"FFtp"}
{"level":"debug","time":"2021-09-05 17:27:22","caller":"services/posts.go:GetPostTotal:61","message":"共30条博文"}
{"level":"debug","time":"2021-09-05 17:27:22","caller":"services/auth.go:func1:51","message":"FFtp"}
{"level":"error","time":"2021-09-05 17:27:26","caller":"services/sys.go:GetSysInfo:28","message":"Failed to read WS message"}
{"level":"error","time":"2021-09-05 17:27:26","caller":"services/sys.go:GetSysInfo:28","message":"Failed to read WS message"}
{"level":"error","time":"2021-09-05 17:27:26","caller":"services/sys.go:GetSysInfo:28","message":"Failed to read WS message"}
{"level":"error","time":"2021-09-05 17:27:26","caller":"services/sys.go:GetSysInfo:28","message":"Failed to read WS message"}
{"level":"error","time":"2021-09-05 17:27:26","caller":"services/sys.go:GetSysInfo:28","message":"Failed to read WS message"}
{"level":"error","time":"2021-09-05 17:27:26","caller":"services/sys.go:GetSysInfo:28","message":"Failed to read WS message"}
{"level":"error","time":"2021-09-05 17:27:26","caller":"services/sys.go:GetSysInfo:28","message":"Failed to read WS message"}
{"level":"error","time":"2021-09-05 17:27:26","caller":"services/sys.go:GetSysInfo:28","message":"Failed to read WS message"}
{"level":"debug","time":"2021-09-05 17:27:27","caller":"services/auth.go:func1:48","message":"eyJhbGciOiJIUzI1NiIsInR5cCI6IkpXVCJ9.eyJ1c2VybmFtZSI6IkZGdHAiLCJleHAiOjE2MzEwNjAyNTksImlzcyI6InRoZWRvb3IifQ.R0TYZivWFps4U3iI781GrVfQRuQw1EY1g_6cOt25Fiw"}
{"level":"debug","time":"2021-09-05 17:27:27","caller":"services/auth.go:func1:51","message":"FFtp"}
{"level":"debug","time":"2021-09-05 17:27:27","caller":"services/auth.go:func1:51","message":"FFtp"}
{"level":"debug","time":"2021-09-05 17:27:27","caller":"services/auth.go:func1:51","message":"FFtp"}
{"level":"debug","time":"2021-09-05 17:27:27","caller":"services/posts.go:GetPostTotal:61","message":"共30条博文"}
{"level":"debug","time":"2021-09-05 17:27:29","caller":"services/auth.go:func1:51","message":"FFtp"}
{"level":"debug","time":"2021-09-05 17:27:44","caller":"services/auth.go:func1:48","message":"eyJhbGciOiJIUzI1NiIsInR5cCI6IkpXVCJ9.eyJ1c2VybmFtZSI6IkZGdHAiLCJleHAiOjE2MzEwNjAyNTksImlzcyI6InRoZWRvb3IifQ.R0TYZivWFps4U3iI781GrVfQRuQw1EY1g_6cOt25Fiw"}
{"level":"debug","time":"2021-09-05 17:27:44","caller":"services/auth.go:func1:51","message":"FFtp"}
{"level":"debug","time":"2021-09-05 17:27:44","caller":"services/auth.go:func1:51","message":"FFtp"}
{"level":"debug","time":"2021-09-05 17:27:44","caller":"services/posts.go:GetPostTotal:61","message":"共29条博文"}
{"level":"debug","time":"2021-09-05 17:27:44","caller":"services/auth.go:func1:51","message":"FFtp"}
{"level":"error","time":"2021-09-05 17:27:54","caller":"services/sys.go:GetSysInfo:28","message":"Failed to read WS message"}
{"level":"error","time":"2021-09-05 17:27:54","caller":"services/sys.go:GetSysInfo:28","message":"Failed to read WS message"}
{"level":"debug","time":"2021-09-05 17:27:54","caller":"services/auth.go:func1:48","message":"eyJhbGciOiJIUzI1NiIsInR5cCI6IkpXVCJ9.eyJ1c2VybmFtZSI6IkZGdHAiLCJleHAiOjE2MzEwNjAyNTksImlzcyI6InRoZWRvb3IifQ.R0TYZivWFps4U3iI781GrVfQRuQw1EY1g_6cOt25Fiw"}
{"level":"debug","time":"2021-09-05 17:27:54","caller":"services/auth.go:func1:51","message":"FFtp"}
{"level":"debug","time":"2021-09-05 17:27:54","caller":"services/auth.go:func1:51","message":"FFtp"}
{"level":"debug","time":"2021-09-05 17:27:54","caller":"services/auth.go:func1:51","message":"FFtp"}
{"level":"debug","time":"2021-09-05 17:27:54","caller":"services/posts.go:GetPostTotal:61","message":"共29条博文"}
{"level":"debug","time":"2021-09-05 17:27:56","caller":"services/auth.go:func1:51","message":"FFtp"}
{"level":"debug","time":"2021-09-05 17:27:56","caller":"services/auth.go:func1:51","message":"FFtp"}
{"level":"debug","time":"2021-09-05 17:27:59","caller":"services/auth.go:func1:51","message":"FFtp"}
{"level":"debug","time":"2021-09-05 17:27:59","caller":"services/auth.go:func1:51","message":"FFtp"}
{"level":"error","time":"2021-09-05 17:28:03","caller":"services/sys.go:GetSysInfo:28","message":"Failed to read WS message"}
{"level":"debug","time":"2021-09-05 17:28:04","caller":"services/auth.go:func1:48","message":"eyJhbGciOiJIUzI1NiIsInR5cCI6IkpXVCJ9.eyJ1c2VybmFtZSI6IkZGdHAiLCJleHAiOjE2MzEwNjAyNTksImlzcyI6InRoZWRvb3IifQ.R0TYZivWFps4U3iI781GrVfQRuQw1EY1g_6cOt25Fiw"}
{"level":"debug","time":"2021-09-05 17:28:04","caller":"services/auth.go:func1:51","message":"FFtp"}
{"level":"debug","time":"2021-09-05 17:28:04","caller":"services/auth.go:func1:51","message":"FFtp"}
{"level":"debug","time":"2021-09-05 17:28:04","caller":"services/auth.go:func1:51","message":"FFtp"}
{"level":"debug","time":"2021-09-05 17:28:04","caller":"services/posts.go:GetPostTotal:61","message":"共28条博文"}
{"level":"debug","time":"2021-09-05 17:28:05","caller":"services/auth.go:func1:51","message":"FFtp"}
{"level":"info","time":"2021-09-05 17:28:05","caller":"services/posts.go:GetPostList:27","message":"{Page:1 Len:20}"}
{"level":"debug","time":"2021-09-05 17:28:05","caller":"services/auth.go:func1:51","message":"FFtp"}
{"level":"debug","time":"2021-09-05 17:28:05","caller":"services/posts.go:GetPostTotal:61","message":"共28条博文"}
{"level":"debug","time":"2021-09-05 17:28:05","caller":"services/posts.go:GetPostList:43","message":"[{Post:{ID:5 Title:标题1 Content:Hello 这是文章内容 CreateTime:2021-07-17 05:58:51 +0000 UTC Public:true Top:1726501531} Tags:[]} {Post:{ID:16212958658533785605 Title:更新博文测试 Content:# 测试\n\n供博文更新的测试 使用 \n\n  json CreateTime:2021-09-05 08:50:46 +0000 UTC Public:true Top:1630833202} Tags:[{ID:11313042263954685953 Name:14234} {ID:3242591731706757121 Name:asfgd}]} {Post:{ID:17221764975064776708 Title:asdf Content:asdfsdfg CreateTime:2021-08-25 13:08:36 +0000 UTC Public:true Top:1629896916} Tags:[{ID:11673330234144325637 Name:Golang}]} {Post:{ID:17221764975064776705 Title:Goalng Content:asdfgsdfg\nsdfgdfhgsdfgsadfgsdfg CreateTime:2020-08-25 12:50:06 +0000 UTC Public:true Top:1629895806} Tags:[{ID:11673330234144325633 Name:2123} {ID:11673330234144325637 Name:Golang}]} {Post:{ID:14242 Title:## 测试一下tag Content:## OK不ok? CreateTime:2021-08-21 16:35:58 +0000 UTC Public:false Top:1629563758} Tags:[]} {Post:{ID:62599460881 Title:测试标题 Content:Hello 这是文章内容 CreateTime:2021-07-17 06:16:37 +0000 UTC Public:true Top:1626502597} Tags:[]} {Post:{ID:461244235781 Title:标题9 Content:Hello 这是文章内容 CreateTime:2021-07-17 06:11:01 +0000 UTC Public:true Top:1626502261} Tags:[]} {Post:{ID:11673330234144325638 Title:最后的最后 Content:## asdfg CreateTime:2021-08-22 01:41:44 +0000 UTC Public:false Top:0} Tags:[{ID:3891110078048108545 Name:asd} {ID:11673330234144325637 Name:Golang}]} {Post:{ID:46628723425285 Title:测试标题！！！ Content:Hello 这是文章内容Hello 这是文章内容Hello 这是文章内容Hello 这是文章内容Hello 这是文章内容Hello 这是文章内容Hello 这是文章内容Hello 这是文章内容Hello 这是文章内容Hello 这是文章内容Hello 这是文章内容Hello 这是文章内容Hello  CreateTime:2021-07-17 06:12:10 +0000 UTC Public:true Top:0} Tags:[]} {Post:{ID:46628723425281 Title:测试标题 Content:Hello 这是文章内容 CreateTime:2021-07-17 06:12:10 +0000 UTC Public:true Top:0} Tags:[]} {Post:{ID:1738751172609 Title:标题7 Content:Hello 这是文章内容 CreateTime:2021-07-17 06:02:09 +0000 UTC Public:true Top:0} Tags:[]} {Post:{ID:461244235777 Title:标题8 Content:Hello 这是文章内容 CreateTime:2021-07-17 06:11:00 +0000 UTC Public:true Top:0} Tags:[]} {Post:{ID:362599460901 Title:测试标题 Content:Hello 这是文章内容 CreateTime:2021-07-17 06:17:01 +0000 UTC Public:true Top:0} Tags:[]} {Post:{ID:362599460877 Title:测试标题 Content:Hello 这是文章内容 CreateTime:2021-07-17 06:16:35 +0000 UTC Public:true Top:0} Tags:[]} {Post:{ID:362599460869 Title:测试标题 Content:Hello 这是文章内容 CreateTime:2021-07-17 06:16:34 +0000 UTC Public:true Top:0} Tags:[]} {Post:{ID:332789100547 Title:跳转否？ Content:# asdfg\n```C++\n#include <iostream>\nint main() {\n\n    return 0;\n}\n``` CreateTime:2021-08-15 13:16:20 +0000 UTC Public:false Top:0} Tags:[]} {Post:{ID:332789100546 Title:测试置顶！！！ Content:# asdfg\n```C++\n#include <iostream>\nint main() {\n\n    return 0;\n}\n``` CreateTime:2021-08-15 13:15:02 +0000 UTC Public:true Top:0} Tags:[]} {Post:{ID:332789100545 Title:测试 Content:这是测试一下博文发布\n\n## 测试博文\n CreateTime:2021-08-15 12:59:26 +0000 UTC Public:true Top:0} Tags:[]} {Post:{ID:124116578306 Title:标题11 Content:Hello 这是文章内容 CreateTime:2021-07-17 06:05:56 +0000 UTC Public:true Top:0} Tags:[]} {Post:{ID:62599460905 Title:测试标题 Content:# Hello 这是文章内容\r\n\r\n![](https://gitee.com/SunspotsInys/imgs/raw/master/thedoor/4cec8e49000.png)\r\n\r\n```Go\r\npackage main\r\n\r\nimport (\r\n\t\"fmt\"\r\n)\r\n\r\nfunc ma CreateTime:2021-07-17 06:17:02 +0000 UTC Public:true Top:0} Tags:[]}]"}
{"level":"error","time":"2021-09-05 17:29:18","caller":"services/sys.go:GetSysInfo:28","message":"Failed to read WS message"}
{"level":"debug","time":"2021-09-05 17:29:19","caller":"services/auth.go:func1:51","message":"FFtp"}
{"level":"info","time":"2021-09-05 17:29:19","caller":"services/posts.go:GetPostList:27","message":"{Page:1 Len:20}"}
{"level":"debug","time":"2021-09-05 17:29:19","caller":"services/auth.go:func1:51","message":"FFtp"}
{"level":"debug","time":"2021-09-05 17:29:19","caller":"services/posts.go:GetPostTotal:61","message":"共28条博文"}
{"level":"debug","time":"2021-09-05 17:29:19","caller":"services/posts.go:GetPostList:43","message":"[{Post:{ID:5 Title:标题1 Content:Hello 这是文章内容 CreateTime:2021-07-17 05:58:51 +0000 UTC Public:true Top:1726501531} Tags:[]} {Post:{ID:16212958658533785605 Title:更新博文测试 Content:# 测试\n\n供博文更新的测试 使用 \n\n  json CreateTime:2021-09-05 08:50:46 +0000 UTC Public:true Top:1630833202} Tags:[{ID:11313042263954685953 Name:14234} {ID:3242591731706757121 Name:asfgd}]} {Post:{ID:17221764975064776708 Title:asdf Content:asdfsdfg CreateTime:2021-08-25 13:08:36 +0000 UTC Public:true Top:1629896916} Tags:[{ID:11673330234144325637 Name:Golang}]} {Post:{ID:17221764975064776705 Title:Goalng Content:asdfgsdfg\nsdfgdfhgsdfgsadfgsdfg CreateTime:2020-08-25 12:50:06 +0000 UTC Public:true Top:1629895806} Tags:[{ID:11673330234144325633 Name:2123} {ID:11673330234144325637 Name:Golang}]} {Post:{ID:14242 Title:## 测试一下tag Content:## OK不ok? CreateTime:2021-08-21 16:35:58 +0000 UTC Public:false Top:1629563758} Tags:[]} {Post:{ID:62599460881 Title:测试标题 Content:Hello 这是文章内容 CreateTime:2021-07-17 06:16:37 +0000 UTC Public:true Top:1626502597} Tags:[]} {Post:{ID:461244235781 Title:标题9 Content:Hello 这是文章内容 CreateTime:2021-07-17 06:11:01 +0000 UTC Public:true Top:1626502261} Tags:[]} {Post:{ID:11673330234144325638 Title:最后的最后 Content:## asdfg CreateTime:2021-08-22 01:41:44 +0000 UTC Public:false Top:0} Tags:[{ID:3891110078048108545 Name:asd} {ID:11673330234144325637 Name:Golang}]} {Post:{ID:46628723425285 Title:测试标题！！！ Content:Hello 这是文章内容Hello 这是文章内容Hello 这是文章内容Hello 这是文章内容Hello 这是文章内容Hello 这是文章内容Hello 这是文章内容Hello 这是文章内容Hello 这是文章内容Hello 这是文章内容Hello 这是文章内容Hello 这是文章内容Hello  CreateTime:2021-07-17 06:12:10 +0000 UTC Public:true Top:0} Tags:[]} {Post:{ID:46628723425281 Title:测试标题 Content:Hello 这是文章内容 CreateTime:2021-07-17 06:12:10 +0000 UTC Public:true Top:0} Tags:[]} {Post:{ID:1738751172609 Title:标题7 Content:Hello 这是文章内容 CreateTime:2021-07-17 06:02:09 +0000 UTC Public:true Top:0} Tags:[]} {Post:{ID:461244235777 Title:标题8 Content:Hello 这是文章内容 CreateTime:2021-07-17 06:11:00 +0000 UTC Public:true Top:0} Tags:[]} {Post:{ID:362599460901 Title:测试标题 Content:Hello 这是文章内容 CreateTime:2021-07-17 06:17:01 +0000 UTC Public:true Top:0} Tags:[]} {Post:{ID:362599460877 Title:测试标题 Content:Hello 这是文章内容 CreateTime:2021-07-17 06:16:35 +0000 UTC Public:true Top:0} Tags:[]} {Post:{ID:362599460869 Title:测试标题 Content:Hello 这是文章内容 CreateTime:2021-07-17 06:16:34 +0000 UTC Public:true Top:0} Tags:[]} {Post:{ID:332789100547 Title:跳转否？ Content:# asdfg\n```C++\n#include <iostream>\nint main() {\n\n    return 0;\n}\n``` CreateTime:2021-08-15 13:16:20 +0000 UTC Public:false Top:0} Tags:[]} {Post:{ID:332789100546 Title:测试置顶！！！ Content:# asdfg\n```C++\n#include <iostream>\nint main() {\n\n    return 0;\n}\n``` CreateTime:2021-08-15 13:15:02 +0000 UTC Public:true Top:0} Tags:[]} {Post:{ID:332789100545 Title:测试 Content:这是测试一下博文发布\n\n## 测试博文\n CreateTime:2021-08-15 12:59:26 +0000 UTC Public:true Top:0} Tags:[]} {Post:{ID:124116578306 Title:标题11 Content:Hello 这是文章内容 CreateTime:2021-07-17 06:05:56 +0000 UTC Public:true Top:0} Tags:[]} {Post:{ID:62599460905 Title:测试标题 Content:# Hello 这是文章内容\r\n\r\n![](https://gitee.com/SunspotsInys/imgs/raw/master/thedoor/4cec8e49000.png)\r\n\r\n```Go\r\npackage main\r\n\r\nimport (\r\n\t\"fmt\"\r\n)\r\n\r\nfunc ma CreateTime:2021-07-17 06:17:02 +0000 UTC Public:true Top:0} Tags:[]}]"}
